<?xml version="1.0" encoding="UTF-8"?>
<!-- Generated by org.testng.reporters.JUnitReportReporter -->
<testsuite hostname="LAPTOP-ATMKCNKF" failures="0" tests="1" name="TESTNGG.Dataproviderconcept" time="0.031" errors="0" timestamp="2019-11-15T13:24:05 IST" skipped="0">
  <testcase classname="TESTNGG.Dataproviderconcept" name="value" time="0.031"/>
</testsuite> <!-- TESTNGG.Dataproviderconcept -->
