<?xml version="1.0" encoding="UTF-8"?>
<!-- Generated by org.testng.reporters.JUnitReportReporter -->
<testsuite hostname="LAPTOP-ATMKCNKF" failures="0" tests="1" name="TESTNGG.parallel2" time="38.672" errors="0" timestamp="2019-12-16T11:37:54 IST" skipped="0">
  <testcase classname="TESTNGG.parallel2" name="f" time="38.672"/>
</testsuite> <!-- TESTNGG.parallel2 -->
