<?xml version="1.0" encoding="UTF-8"?>
<!-- Generated by org.testng.reporters.JUnitReportReporter -->
<testsuite hostname="LAPTOP-ATMKCNKF" failures="0" tests="2" name="TESTNGG.ExceptionTimeOutTest" time="0.056" errors="0" timestamp="2019-11-19T13:34:57 IST" skipped="0">
  <testcase classname="TESTNGG.ExceptionTimeOutTest" name="infiniteLoopTest" time="0.053"/>
  <testcase classname="TESTNGG.ExceptionTimeOutTest" name="test1" time="0.003"/>
</testsuite> <!-- TESTNGG.ExceptionTimeOutTest -->
