<?xml version="1.0" encoding="UTF-8"?>
<!-- Generated by org.testng.reporters.JUnitReportReporter -->
<testsuite hostname="LAPTOP-ATMKCNKF" failures="0" tests="1" name="RAMON.ng011" time="29.941" errors="0" timestamp="12 Jul 2019 12:27:05 GMT" skipped="0">
  <testcase classname="RAMON.ng011" name="f1" time="29.941"/>
</testsuite> <!-- RAMON.ng011 -->
