<?xml version="1.0" encoding="UTF-8"?>
<!-- Generated by org.testng.reporters.JUnitReportReporter -->
<testsuite hostname="LAPTOP-ATMKCNKF" failures="0" tests="1" name="RAMON.ng006" time="60.044" errors="0" timestamp="11 Jul 2019 11:56:06 GMT" skipped="0">
  <testcase classname="RAMON.ng006" name="f" time="60.044"/>
</testsuite> <!-- RAMON.ng006 -->
