<?xml version="1.0" encoding="UTF-8"?>
<!-- Generated by org.testng.reporters.JUnitReportReporter -->
<testsuite hostname="LAPTOP-ATMKCNKF" failures="0" tests="2" name="TESTNGG.TestNgBasics" time="0.045" errors="0" timestamp="2019-11-23T09:47:31 IST" skipped="0">
  <testcase classname="TESTNGG.TestNgBasics" name="SearchTest" time="0.040"/>
  <testcase classname="TESTNGG.TestNgBasics" name="googleTitleTest" time="0.005"/>
</testsuite> <!-- TESTNGG.TestNgBasics -->
