<?xml version="1.0" encoding="UTF-8"?>
<!-- Generated by org.testng.reporters.JUnitReportReporter -->
<testsuite hostname="LAPTOP-ATMKCNKF" failures="0" tests="1" name="HashMapConcept.FreeCrmTest" time="26.912" errors="0" timestamp="2019-11-28T15:36:14 IST" skipped="0">
  <testcase classname="HashMapConcept.FreeCrmTest" name="checkAdminCredentials" time="26.912"/>
</testsuite> <!-- HashMapConcept.FreeCrmTest -->
