<?xml version="1.0" encoding="UTF-8"?>
<!-- Generated by org.testng.reporters.JUnitReportReporter -->
<testsuite hostname="LAPTOP-ATMKCNKF" failures="0" tests="6" name="TESTNGG.GoogleTest" time="75.324" errors="0" timestamp="2019-11-23T12:01:49 IST" skipped="0">
  <testcase classname="TESTNGG.GoogleTest" name="googleTitleTest" time="9.418"/>
  <testcase classname="TESTNGG.GoogleTest" name="mailLinkTest" time="25.412"/>
  <testcase classname="TESTNGG.GoogleTest" name="googleLogoTest" time="12.811"/>
  <testcase classname="TESTNGG.GoogleTest" name="test1" time="9.513"/>
  <testcase classname="TESTNGG.GoogleTest" name="test2" time="9.481"/>
  <testcase classname="TESTNGG.GoogleTest" name="test3" time="8.689"/>
</testsuite> <!-- TESTNGG.GoogleTest -->
