<?xml version="1.0" encoding="UTF-8"?>
<!-- Generated by org.testng.reporters.JUnitReportReporter -->
<testsuite hostname="LAPTOP-ATMKCNKF" failures="0" tests="1" name="RAMON.ng001" time="54.212" errors="0" timestamp="2019-09-20T12:43:27 IST" skipped="0">
  <testcase classname="RAMON.ng001" name="display" time="54.212"/>
</testsuite> <!-- RAMON.ng001 -->
