<?xml version="1.0" encoding="UTF-8"?>
<!-- Generated by org.testng.reporters.JUnitReportReporter -->
<testsuite hostname="LAPTOP-ATMKCNKF" failures="0" tests="1" name="RAMON.ng005" time="41.285" errors="0" timestamp="11 Jul 2019 11:56:06 GMT" skipped="0">
  <testcase classname="RAMON.ng005" name="f" time="41.285"/>
</testsuite> <!-- RAMON.ng005 -->
