<?xml version="1.0" encoding="UTF-8"?>
<!-- Generated by org.testng.reporters.JUnitReportReporter -->
<testsuite hostname="LAPTOP-ATMKCNKF" failures="0" tests="1" name="TESTNGG.DownloadFileConcept" time="80.017" errors="0" timestamp="2019-11-25T18:24:58 IST" skipped="0">
  <testcase classname="TESTNGG.DownloadFileConcept" name="downloadFileTest" time="80.017"/>
</testsuite> <!-- TESTNGG.DownloadFileConcept -->
