<?xml version="1.0" encoding="UTF-8"?>
<!-- Generated by org.testng.reporters.JUnitReportReporter -->
<testsuite hostname="LAPTOP-ATMKCNKF" failures="0" tests="2" name="RAMON.ng007" time="0.045" errors="0" timestamp="12 Jul 2019 10:40:56 GMT" skipped="0">
  <testcase classname="RAMON.ng007" name="f" time="0.041"/>
  <testcase classname="RAMON.ng007" name="f" time="0.004"/>
</testsuite> <!-- RAMON.ng007 -->
