<?xml version="1.0" encoding="UTF-8"?>
<!-- Generated by org.testng.reporters.JUnitReportReporter -->
<testsuite hostname="LAPTOP-ATMKCNKF" failures="0" tests="3" name="RAMON.ParalledExecution" time="96.630" errors="2" timestamp="2019-11-06T12:08:49 IST" skipped="0">
  <testcase classname="RAMON.ParalledExecution" name="FirefoxBrowser" time="83.437">
    <error message="Failed to connect to binary FirefoxBinary(C:\Program Files (x86)\Mozilla Firefox\firefox.exe) on port 7055; process output follows: 
áž¸áž‚áž¸áž—áž¸ážŒáž¶ ážŸáž–áŸ’ážœâ€‹ážœáž…áž“áž¶â€‹áž’áž·áž”áŸ’áž”áž¶áž™â€‹ážŸáŸ�ážšáž¸&quot;,&quot;creator&quot;:null,&quot;developers&quot;:null,&quot;translators&quot;:null,&quot;contributors&quot;:null,&quot;locales&quot;:[&quot;km&quot;]},{&quot;name&quot;:&quot;Wikipedia (or)&quot;,&quot;description&quot;:&quot;à­±à¬¿à¬•à¬¿à¬ªà¬¿à¬¡à¬¼à¬¿à¬†  (à¬“à¬¡à¬¼à¬¿à¬†)&quot;,&quot;creator&quot;:null,&quot;developers&quot;:null,&quot;translators&quot;:null,&quot;contributors&quot;:null,&quot;locales&quot;:[&quot;or&quot;]},{&quot;name&quot;:&quot;Wikipedia (is)&quot;,&quot;description&quot;:&quot;Wikipedia, the free encyclopedia&quot;,&quot;creator&quot;:null,&quot;developers&quot;:null,&quot;translators&quot;:null,&quot;contributors&quot;:null,&quot;locales&quot;:[&quot;is&quot;]},{&quot;name&quot;:&quot;ÙˆÛŒÚ©ÛŒÙ¾ÛŒÚˆÛŒØ§ (ur)&quot;,&quot;description&quot;:&quot;ÙˆÛŒÚ©ÛŒÙ¾ÛŒÚˆÛŒØ§ Ø¢Ø²Ø§Ø¯ Ø¯Ø§Ø¦Ø±Ûƒ Ø§Ù„Ù…Ø¹Ø§Ø±Ù�&quot;,&quot;creator&quot;:null,&quot;developers&quot;:null,&quot;translators&quot;:null,&quot;contributors&quot;:null,&quot;locales&quot;:[&quot;ur&quot;]},{&quot;name&quot;:&quot;Wikipedia (zh)&quot;,&quot;description&quot;:&quot;ç¶­åŸºç™¾ç§‘ï¼Œè‡ªç”±çš„ç™¾ç§‘å…¨æ›¸&quot;,&quot;creator&quot;:null,&quot;developers&quot;:null,&quot;translators&quot;:null,&quot;contributors&quot;:null,&quot;locales&quot;:[&quot;zh-TW&quot;]},{&quot;name&quot;:&quot;Wikipedia (lij)&quot;,&quot;description&quot;:&quot;Wikipedia, l&#039;enciclopedia libera&quot;,&quot;creator&quot;:null,&quot;developers&quot;:null,&quot;translators&quot;:null,&quot;contributors&quot;:null,&quot;locales&quot;:[&quot;lij&quot;]},{&quot;name&quot;:&quot;Wikipedia (tl)&quot;,&quot;description&quot;:&quot;Wikipedia, ang malayang ensiklopedya&quot;,&quot;creator&quot;:null,&quot;developers&quot;:null,&quot;translators&quot;:null,&quot;contributors&quot;:null,&quot;locales&quot;:[&quot;tl&quot;]},{&quot;name&quot;:&quot;à°µà°¿à°•à±€à°ªà±€à°¡à°¿à°¯à°¾ (te)&quot;,&quot;description&quot;:&quot;à°µà°¿à°•à±€à°ªà±€à°¡à°¿à°¯à°¾ (te)&quot;,&quot;creator&quot;:null,&quot;developers&quot;:null,&quot;translators&quot;:null,&quot;contributors&quot;:null,&quot;locales&quot;:[&quot;te&quot;]},{&quot;name&quot;:&quot;WikipÃ¨dia (oc)&quot;,&quot;description&quot;:&quot;WikipÃ¨dia, l&#039;enciclopÃ¨dia liura&quot;,&quot;creator&quot;:null,&quot;developers&quot;:null,&quot;translators&quot;:null,&quot;contributors&quot;:null,&quot;locales&quot;:[&quot;oc&quot;]},{&quot;name&quot;:&quot;Wikipedia (ja)&quot;,&quot;description&quot;:&quot;Wikipedia - ãƒ•ãƒªãƒ¼ç™¾ç§‘äº‹å…¸&quot;,&quot;creator&quot;:null,&quot;developers&quot;:null,&quot;translators&quot;:null,&quot;contributors&quot;:null,&quot;locales&quot;:[&quot;ja&quot;]},{&quot;name&quot;:&quot;Wikipedia (nl)&quot;,&quot;description&quot;:&quot;De vrije encyclopedie&quot;,&quot;creator&quot;:null,&quot;developers&quot;:null,&quot;translators&quot;:null,&quot;contributors&quot;:null,&quot;locales&quot;:[&quot;nl&quot;]},{&quot;name&quot;:&quot;à¤µà¤¿à¤•à¤¿à¤ªà¥€à¤¡à¤¿à¤¯à¤¾ (ne)&quot;,&quot;description&quot;:&quot;à¤µà¤¿à¤•à¤¿à¤ªà¤¿à¤¡à¤¿à¤¯à¤¾ à¤�à¤• à¤¸à¥�à¤µà¤¤à¤¨à¥�à¤¤à¥�à¤° à¤µà¤¿à¤¶à¥�à¤µà¤•à¥‹à¤·&quot;,&quot;creator&quot;:null,&quot;developers&quot;:null,&quot;translators&quot;:null,&quot;contributors&quot;:null,&quot;locales&quot;:[&quot;ne&quot;]},{&quot;name&quot;:&quot;Wikipedija (hsb)&quot;,&quot;description&quot;:&quot;Wikipedija, swobodna encyklopedija&quot;,&quot;creator&quot;:null,&quot;developers&quot;:null,&quot;translators&quot;:null,&quot;contributors&quot;:null,&quot;locales&quot;:[&quot;hsb&quot;]},{&quot;name&quot;:&quot;Wikipedia (tr)&quot;,&quot;description&quot;:&quot;Vikipedi, Ã¶zgÃ¼r ansiklopedi&quot;,&quot;creator&quot;:null,&quot;developers&quot;:null,&quot;translators&quot;:null,&quot;contributors&quot;:null,&quot;locales&quot;:[&quot;tr&quot;]},{&quot;name&quot;:&quot;Wikipedia (pt)&quot;,&quot;description&quot;:&quot;WikipÃ©dia, a enciclopÃ©dia livre&quot;,&quot;creator&quot;:null,&quot;developers&quot;:null,&quot;translators&quot;:null,&quot;contributors&quot;:null,&quot;locales&quot;:[&quot;pt&quot;]},{&quot;name&quot;:&quot;Wikipedia (ro)&quot;,&quot;description&quot;:&quot;Wikipedia, enciclopedia liberÄƒ&quot;,&quot;creator&quot;:null,&quot;developers&quot;:null,&quot;translators&quot;:null,&quot;contributors&quot;:null,&quot;locales&quot;:[&quot;ro&quot;]},{&quot;name&quot;:&quot;ìœ„í‚¤ë°±ê³¼ (ko)&quot;,&quot;description&quot;:&quot;Wikipedia, the free encyclopedia&quot;,&quot;creator&quot;:null,&quot;developers&quot;:null,&quot;translators&quot;:null,&quot;contributors&quot;:null,&quot;locales&quot;:[&quot;kr&quot;]},{&quot;name&quot;:&quot;Ð£Ð¸ÐºÐ¸Ð¿ÐµÐ´Ð¸Ñ� (kk)&quot;,&quot;description&quot;:&quot;Ð£Ð¸ÐºÐ¸Ð¿ÐµÐ´Ð¸Ñ� (kk)&quot;,&quot;creator&quot;:null,&quot;developers&quot;:null,&quot;translators&quot;:null,&quot;contributors&quot;:null,&quot;locales&quot;:[&quot;kk&quot;]},{&quot;name&quot;:&quot;Wikipedia (hy)&quot;,&quot;description&quot;:&quot;ÕŽÕ«Ö„Õ«ÖƒÕ¥Õ¤Õ«Õ¡Õ� Õ¡Õ¦Õ¡Õ¿ Õ°Õ¡Õ¶Ö€Õ¡Õ£Õ«Õ¿Õ¡Ö€Õ¡Õ¶&quot;,&quot;creator&quot;:null,&quot;developers&quot;:null,&quot;translators&quot;:null,&quot;contributors&quot;:null,&quot;locales&quot;:[&quot;hy&quot;]}],&quot;targetApplications&quot;:[{&quot;id&quot;:&quot;toolkit@mozilla.org&quot;,&quot;minVersion&quot;:null,&quot;maxVersion&quot;:null}],&quot;targetPlatforms&quot;:[],&quot;seen&quot;:true,&quot;dependencies&quot;:[],&quot;incognito&quot;:&quot;spanning&quot;,&quot;userPermissions&quot;:{&quot;permissions&quot;:[],&quot;origins&quot;:[]},&quot;icons&quot;:{&quot;16&quot;:&quot;favicon.ico&quot;},&quot;iconURL&quot;:null,&quot;blocklistState&quot;:0,&quot;blocklistURL&quot;:null,&quot;startupData&quot;:null,&quot;hidden&quot;:true,&quot;installTelemetryInfo&quot;:null,&quot;recommendationState&quot;:null,&quot;rootURI&quot;:&quot;resource://search-extensions/wikipedia/&quot;,&quot;location&quot;:&quot;app-builtin&quot;}
1573022289520	addons.xpi	DEBUG	Loading bootstrap scope from resource://search-extensions/wikipedia/
1573022289520	addons.xpi	DEBUG	Calling bootstrap method install on wikipedia@search.mozilla.org version 1.0
1573022289520	addons.xpi	DEBUG	Calling bootstrap method startup on wikipedia@search.mozilla.org version 1.0

Build info: version: &#039;2.40.0&#039;, revision: &#039;fbe29a9&#039;, time: &#039;2014-02-19 20:55:11&#039;
System info: host: &#039;LAPTOP-ATMKCNKF&#039;, ip: &#039;192.168.173.1&#039;, os.name: &#039;Windows 10&#039;, os.arch: &#039;amd64&#039;, os.version: &#039;10.0&#039;, java.version: &#039;11.0.4&#039;
Driver info: driver.version: FirefoxDriver" type="org.openqa.selenium.WebDriverException">
      <![CDATA[org.openqa.selenium.WebDriverException: Failed to connect to binary FirefoxBinary(C:\Program Files (x86)\Mozilla Firefox\firefox.exe) on port 7055; process output follows: 
áž¸áž‚áž¸áž—áž¸ážŒáž¶ ážŸáž–áŸ’ážœâ€‹ážœáž…áž“áž¶â€‹áž’áž·áž”áŸ’áž”áž¶áž™â€‹ážŸáŸ�ážšáž¸","creator":null,"developers":null,"translators":null,"contributors":null,"locales":["km"]},{"name":"Wikipedia (or)","description":"à­±à¬¿à¬•à¬¿à¬ªà¬¿à¬¡à¬¼à¬¿à¬†  (à¬“à¬¡à¬¼à¬¿à¬†)","creator":null,"developers":null,"translators":null,"contributors":null,"locales":["or"]},{"name":"Wikipedia (is)","description":"Wikipedia, the free encyclopedia","creator":null,"developers":null,"translators":null,"contributors":null,"locales":["is"]},{"name":"ÙˆÛŒÚ©ÛŒÙ¾ÛŒÚˆÛŒØ§ (ur)","description":"ÙˆÛŒÚ©ÛŒÙ¾ÛŒÚˆÛŒØ§ Ø¢Ø²Ø§Ø¯ Ø¯Ø§Ø¦Ø±Ûƒ Ø§Ù„Ù…Ø¹Ø§Ø±Ù�","creator":null,"developers":null,"translators":null,"contributors":null,"locales":["ur"]},{"name":"Wikipedia (zh)","description":"ç¶­åŸºç™¾ç§‘ï¼Œè‡ªç”±çš„ç™¾ç§‘å…¨æ›¸","creator":null,"developers":null,"translators":null,"contributors":null,"locales":["zh-TW"]},{"name":"Wikipedia (lij)","description":"Wikipedia, l'enciclopedia libera","creator":null,"developers":null,"translators":null,"contributors":null,"locales":["lij"]},{"name":"Wikipedia (tl)","description":"Wikipedia, ang malayang ensiklopedya","creator":null,"developers":null,"translators":null,"contributors":null,"locales":["tl"]},{"name":"à°µà°¿à°•à±€à°ªà±€à°¡à°¿à°¯à°¾ (te)","description":"à°µà°¿à°•à±€à°ªà±€à°¡à°¿à°¯à°¾ (te)","creator":null,"developers":null,"translators":null,"contributors":null,"locales":["te"]},{"name":"WikipÃ¨dia (oc)","description":"WikipÃ¨dia, l'enciclopÃ¨dia liura","creator":null,"developers":null,"translators":null,"contributors":null,"locales":["oc"]},{"name":"Wikipedia (ja)","description":"Wikipedia - ãƒ•ãƒªãƒ¼ç™¾ç§‘äº‹å…¸","creator":null,"developers":null,"translators":null,"contributors":null,"locales":["ja"]},{"name":"Wikipedia (nl)","description":"De vrije encyclopedie","creator":null,"developers":null,"translators":null,"contributors":null,"locales":["nl"]},{"name":"à¤µà¤¿à¤•à¤¿à¤ªà¥€à¤¡à¤¿à¤¯à¤¾ (ne)","description":"à¤µà¤¿à¤•à¤¿à¤ªà¤¿à¤¡à¤¿à¤¯à¤¾ à¤�à¤• à¤¸à¥�à¤µà¤¤à¤¨à¥�à¤¤à¥�à¤° à¤µà¤¿à¤¶à¥�à¤µà¤•à¥‹à¤·","creator":null,"developers":null,"translators":null,"contributors":null,"locales":["ne"]},{"name":"Wikipedija (hsb)","description":"Wikipedija, swobodna encyklopedija","creator":null,"developers":null,"translators":null,"contributors":null,"locales":["hsb"]},{"name":"Wikipedia (tr)","description":"Vikipedi, Ã¶zgÃ¼r ansiklopedi","creator":null,"developers":null,"translators":null,"contributors":null,"locales":["tr"]},{"name":"Wikipedia (pt)","description":"WikipÃ©dia, a enciclopÃ©dia livre","creator":null,"developers":null,"translators":null,"contributors":null,"locales":["pt"]},{"name":"Wikipedia (ro)","description":"Wikipedia, enciclopedia liberÄƒ","creator":null,"developers":null,"translators":null,"contributors":null,"locales":["ro"]},{"name":"ìœ„í‚¤ë°±ê³¼ (ko)","description":"Wikipedia, the free encyclopedia","creator":null,"developers":null,"translators":null,"contributors":null,"locales":["kr"]},{"name":"Ð£Ð¸ÐºÐ¸Ð¿ÐµÐ´Ð¸Ñ� (kk)","description":"Ð£Ð¸ÐºÐ¸Ð¿ÐµÐ´Ð¸Ñ� (kk)","creator":null,"developers":null,"translators":null,"contributors":null,"locales":["kk"]},{"name":"Wikipedia (hy)","description":"ÕŽÕ«Ö„Õ«ÖƒÕ¥Õ¤Õ«Õ¡Õ� Õ¡Õ¦Õ¡Õ¿ Õ°Õ¡Õ¶Ö€Õ¡Õ£Õ«Õ¿Õ¡Ö€Õ¡Õ¶","creator":null,"developers":null,"translators":null,"contributors":null,"locales":["hy"]}],"targetApplications":[{"id":"toolkit@mozilla.org","minVersion":null,"maxVersion":null}],"targetPlatforms":[],"seen":true,"dependencies":[],"incognito":"spanning","userPermissions":{"permissions":[],"origins":[]},"icons":{"16":"favicon.ico"},"iconURL":null,"blocklistState":0,"blocklistURL":null,"startupData":null,"hidden":true,"installTelemetryInfo":null,"recommendationState":null,"rootURI":"resource://search-extensions/wikipedia/","location":"app-builtin"}
1573022289520addons.xpiDEBUGLoading bootstrap scope from resource://search-extensions/wikipedia/
1573022289520addons.xpiDEBUGCalling bootstrap method install on wikipedia@search.mozilla.org version 1.0
1573022289520addons.xpiDEBUGCalling bootstrap method startup on wikipedia@search.mozilla.org version 1.0

Build info: version: '2.40.0', revision: 'fbe29a9', time: '2014-02-19 20:55:11'
System info: host: 'LAPTOP-ATMKCNKF', ip: '192.168.173.1', os.name: 'Windows 10', os.arch: 'amd64', os.version: '10.0', java.version: '11.0.4'
Driver info: driver.version: FirefoxDriver
at org.openqa.selenium.firefox.internal.NewProfileExtensionConnection.start(NewProfileExtensionConnection.java:130)
at org.openqa.selenium.firefox.FirefoxDriver.startClient(FirefoxDriver.java:247)
at org.openqa.selenium.remote.RemoteWebDriver.<init>(RemoteWebDriver.java:112)
at org.openqa.selenium.firefox.FirefoxDriver.<init>(FirefoxDriver.java:194)
at org.openqa.selenium.firefox.FirefoxDriver.<init>(FirefoxDriver.java:187)
at org.openqa.selenium.firefox.FirefoxDriver.<init>(FirefoxDriver.java:183)
at org.openqa.selenium.firefox.FirefoxDriver.<init>(FirefoxDriver.java:96)
at RAMON.ParalledExecution.FirefoxBrowser(ParalledExecution.java:27)
at java.base/jdk.internal.reflect.NativeMethodAccessorImpl.invoke0(Native Method)
at java.base/jdk.internal.reflect.NativeMethodAccessorImpl.invoke(NativeMethodAccessorImpl.java:62)
at java.base/jdk.internal.reflect.DelegatingMethodAccessorImpl.invoke(DelegatingMethodAccessorImpl.java:43)
at java.base/java.lang.reflect.Method.invoke(Method.java:566)
at org.testng.internal.MethodInvocationHelper.invokeMethod(MethodInvocationHelper.java:133)
at org.testng.internal.TestInvoker.invokeMethod(TestInvoker.java:584)
at org.testng.internal.TestInvoker.invokeTestMethod(TestInvoker.java:172)
at org.testng.internal.MethodRunner.runInSequence(MethodRunner.java:46)
at org.testng.internal.TestInvoker$MethodInvocationAgent.invoke(TestInvoker.java:804)
at org.testng.internal.TestInvoker.invokeTestMethods(TestInvoker.java:145)
at org.testng.internal.TestMethodWorker.invokeTestMethods(TestMethodWorker.java:146)
at org.testng.internal.TestMethodWorker.run(TestMethodWorker.java:128)
at java.base/java.util.ArrayList.forEach(ArrayList.java:1540)
at org.testng.TestRunner.privateRun(TestRunner.java:770)
at org.testng.TestRunner.run(TestRunner.java:591)
at org.testng.SuiteRunner.runTest(SuiteRunner.java:402)
at org.testng.SuiteRunner.access$000(SuiteRunner.java:41)
at org.testng.SuiteRunner$SuiteWorker.run(SuiteRunner.java:443)
at org.testng.internal.thread.ThreadUtil.lambda$execute$0(ThreadUtil.java:67)
at java.base/java.util.concurrent.FutureTask.run(FutureTask.java:264)
at java.base/java.util.concurrent.ThreadPoolExecutor.runWorker(ThreadPoolExecutor.java:1128)
at java.base/java.util.concurrent.ThreadPoolExecutor$Worker.run(ThreadPoolExecutor.java:628)
at java.base/java.lang.Thread.run(Thread.java:834)
Caused by: org.openqa.selenium.firefox.NotConnectedException: Unable to connect to host 127.0.0.1 on port 7055 after 45000 ms. Firefox console output:
áž¸áž‚áž¸áž—áž¸ážŒáž¶ ážŸáž–áŸ’ážœâ€‹ážœáž…áž“áž¶â€‹áž’áž·áž”áŸ’áž”áž¶áž™â€‹ážŸáŸ�ážšáž¸","creator":null,"developers":null,"translators":null,"contributors":null,"locales":["km"]},{"name":"Wikipedia (or)","description":"à­±à¬¿à¬•à¬¿à¬ªà¬¿à¬¡à¬¼à¬¿à¬†  (à¬“à¬¡à¬¼à¬¿à¬†)","creator":null,"developers":null,"translators":null,"contributors":null,"locales":["or"]},{"name":"Wikipedia (is)","description":"Wikipedia, the free encyclopedia","creator":null,"developers":null,"translators":null,"contributors":null,"locales":["is"]},{"name":"ÙˆÛŒÚ©ÛŒÙ¾ÛŒÚˆÛŒØ§ (ur)","description":"ÙˆÛŒÚ©ÛŒÙ¾ÛŒÚˆÛŒØ§ Ø¢Ø²Ø§Ø¯ Ø¯Ø§Ø¦Ø±Ûƒ Ø§Ù„Ù…Ø¹Ø§Ø±Ù�","creator":null,"developers":null,"translators":null,"contributors":null,"locales":["ur"]},{"name":"Wikipedia (zh)","description":"ç¶­åŸºç™¾ç§‘ï¼Œè‡ªç”±çš„ç™¾ç§‘å…¨æ›¸","creator":null,"developers":null,"translators":null,"contributors":null,"locales":["zh-TW"]},{"name":"Wikipedia (lij)","description":"Wikipedia, l'enciclopedia libera","creator":null,"developers":null,"translators":null,"contributors":null,"locales":["lij"]},{"name":"Wikipedia (tl)","description":"Wikipedia, ang malayang ensiklopedya","creator":null,"developers":null,"translators":null,"contributors":null,"locales":["tl"]},{"name":"à°µà°¿à°•à±€à°ªà±€à°¡à°¿à°¯à°¾ (te)","description":"à°µà°¿à°•à±€à°ªà±€à°¡à°¿à°¯à°¾ (te)","creator":null,"developers":null,"translators":null,"contributors":null,"locales":["te"]},{"name":"WikipÃ¨dia (oc)","description":"WikipÃ¨dia, l'enciclopÃ¨dia liura","creator":null,"developers":null,"translators":null,"contributors":null,"locales":["oc"]},{"name":"Wikipedia (ja)","description":"Wikipedia - ãƒ•ãƒªãƒ¼ç™¾ç§‘äº‹å…¸","creator":null,"developers":null,"translators":null,"contributors":null,"locales":["ja"]},{"name":"Wikipedia (nl)","description":"De vrije encyclopedie","creator":null,"developers":null,"translators":null,"contributors":null,"locales":["nl"]},{"name":"à¤µà¤¿à¤•à¤¿à¤ªà¥€à¤¡à¤¿à¤¯à¤¾ (ne)","description":"à¤µà¤¿à¤•à¤¿à¤ªà¤¿à¤¡à¤¿à¤¯à¤¾ à¤�à¤• à¤¸à¥�à¤µà¤¤à¤¨à¥�à¤¤à¥�à¤° à¤µà¤¿à¤¶à¥�à¤µà¤•à¥‹à¤·","creator":null,"developers":null,"translators":null,"contributors":null,"locales":["ne"]},{"name":"Wikipedija (hsb)","description":"Wikipedija, swobodna encyklopedija","creator":null,"developers":null,"translators":null,"contributors":null,"locales":["hsb"]},{"name":"Wikipedia (tr)","description":"Vikipedi, Ã¶zgÃ¼r ansiklopedi","creator":null,"developers":null,"translators":null,"contributors":null,"locales":["tr"]},{"name":"Wikipedia (pt)","description":"WikipÃ©dia, a enciclopÃ©dia livre","creator":null,"developers":null,"translators":null,"contributors":null,"locales":["pt"]},{"name":"Wikipedia (ro)","description":"Wikipedia, enciclopedia liberÄƒ","creator":null,"developers":null,"translators":null,"contributors":null,"locales":["ro"]},{"name":"ìœ„í‚¤ë°±ê³¼ (ko)","description":"Wikipedia, the free encyclopedia","creator":null,"developers":null,"translators":null,"contributors":null,"locales":["kr"]},{"name":"Ð£Ð¸ÐºÐ¸Ð¿ÐµÐ´Ð¸Ñ� (kk)","description":"Ð£Ð¸ÐºÐ¸Ð¿ÐµÐ´Ð¸Ñ� (kk)","creator":null,"developers":null,"translators":null,"contributors":null,"locales":["kk"]},{"name":"Wikipedia (hy)","description":"ÕŽÕ«Ö„Õ«ÖƒÕ¥Õ¤Õ«Õ¡Õ� Õ¡Õ¦Õ¡Õ¿ Õ°Õ¡Õ¶Ö€Õ¡Õ£Õ«Õ¿Õ¡Ö€Õ¡Õ¶","creator":null,"developers":null,"translators":null,"contributors":null,"locales":["hy"]}],"targetApplications":[{"id":"toolkit@mozilla.org","minVersion":null,"maxVersion":null}],"targetPlatforms":[],"seen":true,"dependencies":[],"incognito":"spanning","userPermissions":{"permissions":[],"origins":[]},"icons":{"16":"favicon.ico"},"iconURL":null,"blocklistState":0,"blocklistURL":null,"startupData":null,"hidden":true,"installTelemetryInfo":null,"recommendationState":null,"rootURI":"resource://search-extensions/wikipedia/","location":"app-builtin"}
1573022289520addons.xpiDEBUGLoading bootstrap scope from resource://search-extensions/wikipedia/
1573022289520addons.xpiDEBUGCalling bootstrap method install on wikipedia@search.mozilla.org version 1.0
1573022289520addons.xpiDEBUGCalling bootstrap method startup on wikipedia@search.mozilla.org version 1.0

at org.openqa.selenium.firefox.internal.NewProfileExtensionConnection.start(NewProfileExtensionConnection.java:118)
... 30 more
]]>
    </error>
  </testcase> <!-- FirefoxBrowser -->
  <testcase classname="RAMON.ParalledExecution" name="InternetBrowser" time="0.118">
    <error message="The path to the driver executable must be set by the webdriver.ie.driver system property; for more information, see http://code.google.com/p/selenium/wiki/InternetExplorerDriver. The latest version can be downloaded from http://code.google.com/p/selenium/downloads/list" type="java.lang.IllegalStateException">
      <![CDATA[java.lang.IllegalStateException: The path to the driver executable must be set by the webdriver.ie.driver system property; for more information, see http://code.google.com/p/selenium/wiki/InternetExplorerDriver. The latest version can be downloaded from http://code.google.com/p/selenium/downloads/list
at com.google.common.base.Preconditions.checkState(Preconditions.java:177)
at org.openqa.selenium.remote.service.DriverService.findExecutable(DriverService.java:105)
at org.openqa.selenium.ie.InternetExplorerDriverService.access$1(InternetExplorerDriverService.java:1)
at org.openqa.selenium.ie.InternetExplorerDriverService$Builder.build(InternetExplorerDriverService.java:230)
at org.openqa.selenium.ie.InternetExplorerDriver.setupService(InternetExplorerDriver.java:262)
at org.openqa.selenium.ie.InternetExplorerDriver.<init>(InternetExplorerDriver.java:181)
at org.openqa.selenium.ie.InternetExplorerDriver.<init>(InternetExplorerDriver.java:154)
at RAMON.ParalledExecution.InternetBrowser(ParalledExecution.java:36)
at java.base/jdk.internal.reflect.NativeMethodAccessorImpl.invoke0(Native Method)
at java.base/jdk.internal.reflect.NativeMethodAccessorImpl.invoke(NativeMethodAccessorImpl.java:62)
at java.base/jdk.internal.reflect.DelegatingMethodAccessorImpl.invoke(DelegatingMethodAccessorImpl.java:43)
at java.base/java.lang.reflect.Method.invoke(Method.java:566)
at org.testng.internal.MethodInvocationHelper.invokeMethod(MethodInvocationHelper.java:133)
at org.testng.internal.TestInvoker.invokeMethod(TestInvoker.java:584)
at org.testng.internal.TestInvoker.invokeTestMethod(TestInvoker.java:172)
at org.testng.internal.MethodRunner.runInSequence(MethodRunner.java:46)
at org.testng.internal.TestInvoker$MethodInvocationAgent.invoke(TestInvoker.java:804)
at org.testng.internal.TestInvoker.invokeTestMethods(TestInvoker.java:145)
at org.testng.internal.TestMethodWorker.invokeTestMethods(TestMethodWorker.java:146)
at org.testng.internal.TestMethodWorker.run(TestMethodWorker.java:128)
at java.base/java.util.ArrayList.forEach(ArrayList.java:1540)
at org.testng.TestRunner.privateRun(TestRunner.java:770)
at org.testng.TestRunner.run(TestRunner.java:591)
at org.testng.SuiteRunner.runTest(SuiteRunner.java:402)
at org.testng.SuiteRunner.access$000(SuiteRunner.java:41)
at org.testng.SuiteRunner$SuiteWorker.run(SuiteRunner.java:443)
at org.testng.internal.thread.ThreadUtil.lambda$execute$0(ThreadUtil.java:67)
at java.base/java.util.concurrent.FutureTask.run(FutureTask.java:264)
at java.base/java.util.concurrent.ThreadPoolExecutor.runWorker(ThreadPoolExecutor.java:1128)
at java.base/java.util.concurrent.ThreadPoolExecutor$Worker.run(ThreadPoolExecutor.java:628)
at java.base/java.lang.Thread.run(Thread.java:834)
]]>
    </error>
  </testcase> <!-- InternetBrowser -->
  <testcase classname="RAMON.ParalledExecution" name="ChromeBrowser" time="13.075"/>
</testsuite> <!-- RAMON.ParalledExecution -->
