<?xml version="1.0" encoding="UTF-8"?>
<!-- Generated by org.testng.reporters.JUnitReportReporter -->
<testsuite hostname="LAPTOP-ATMKCNKF" failures="0" tests="2" name="RAMON.ng009" time="0.051" errors="0" timestamp="12 Jul 2019 12:15:52 GMT" skipped="0">
  <testcase classname="RAMON.ng009" name="f2" time="0.006"/>
  <testcase classname="RAMON.ng009" name="f1" time="0.045"/>
</testsuite> <!-- RAMON.ng009 -->
