<?xml version="1.0" encoding="UTF-8"?>
<!-- Generated by org.testng.reporters.JUnitReportReporter -->
<testsuite hostname="LAPTOP-ATMKCNKF" failures="0" tests="1" name="TESTNGG.ParameterConcept" time="8.267" errors="0" timestamp="2019-11-22T16:55:52 IST" skipped="0">
  <testcase classname="TESTNGG.ParameterConcept" name="parameterTest" time="8.267"/>
</testsuite> <!-- TESTNGG.ParameterConcept -->
