<?xml version="1.0" encoding="UTF-8"?>
<!-- Generated by org.testng.reporters.JUnitReportReporter -->
<testsuite hostname="LAPTOP-ATMKCNKF" failures="0" tests="2" name="RAMON.ng010" time="0.033" errors="0" timestamp="12 Jul 2019 12:20:24 GMT" skipped="0">
  <testcase classname="RAMON.ng010" name="f1" time="0.004"/>
  <testcase classname="RAMON.ng010" name="f" time="0.029"/>
</testsuite> <!-- RAMON.ng010 -->
