<?xml version="1.0" encoding="UTF-8"?>
<!-- Generated by org.testng.reporters.JUnitReportReporter -->
<testsuite hostname="LAPTOP-ATMKCNKF" failures="0" tests="2" name="TESTNGG.TestNgFeatures" time="0.006" errors="0" timestamp="2019-12-16T15:37:55 IST" skipped="0">
  <testcase classname="TESTNGG.TestNgFeatures" name="homePageTest" time="0.000"/>
  <testcase classname="TESTNGG.TestNgFeatures" name="loginTest" time="0.006"/>
</testsuite> <!-- TESTNGG.TestNgFeatures -->
