<?xml version="1.0" encoding="UTF-8"?>
<!-- Generated by org.testng.reporters.JUnitReportReporter -->
<testsuite hostname="LAPTOP-ATMKCNKF" failures="0" tests="1" name="RAMON.ng013" time="0.000" errors="0" timestamp="19 Jul 2019 09:49:29 GMT" skipped="1">
  <testcase classname="RAMON.ng013" name="f" time="0.000">
    <skipped/>
  </testcase> <!-- f -->
</testsuite> <!-- RAMON.ng013 -->
